<?xml version="1.0" encoding="UTF-8"?>
<testsuite name="fis.police.fis_police_server.service.serviceImpl.AgentServiceImplTest" tests="4" skipped="0" failures="0" errors="0" timestamp="2022-01-20T03:56:24" hostname="junyeong.local" time="0.625">
  <properties/>
  <testcase name="saveAgent_잘못된주소입력()" classname="fis.police.fis_police_server.service.serviceImpl.AgentServiceImplTest" time="0.414"/>
  <testcase name="modifyAgent()" classname="fis.police.fis_police_server.service.serviceImpl.AgentServiceImplTest" time="0.002"/>
  <testcase name="saveAgent_현장요원_코드중복()" classname="fis.police.fis_police_server.service.serviceImpl.AgentServiceImplTest" time="0.205"/>
  <testcase name="getAgent()" classname="fis.police.fis_police_server.service.serviceImpl.AgentServiceImplTest" time="0.002"/>
  <system-out><![CDATA[2022-01-20 12:56:24.300  INFO 59307 --- [    Test worker] .b.t.c.SpringBootTestContextBootstrapper : Neither @ContextConfiguration nor @ContextHierarchy found for test class [fis.police.fis_police_server.service.serviceImpl.AgentServiceImplTest], using SpringBootContextLoader
2022-01-20 12:56:24.300  INFO 59307 --- [    Test worker] o.s.t.c.support.AbstractContextLoader    : Could not detect default resource locations for test class [fis.police.fis_police_server.service.serviceImpl.AgentServiceImplTest]: no resource found for suffixes {-context.xml, Context.groovy}.
2022-01-20 12:56:24.300  INFO 59307 --- [    Test worker] t.c.s.AnnotationConfigContextLoaderUtils : Could not detect default configuration classes for test class [fis.police.fis_police_server.service.serviceImpl.AgentServiceImplTest]: AgentServiceImplTest does not declare any static, non-private, non-final, nested classes annotated with @Configuration.
2022-01-20 12:56:24.306  INFO 59307 --- [    Test worker] .b.t.c.SpringBootTestContextBootstrapper : Found @SpringBootConfiguration fis.police.fis_police_server.FisPoliceServerApplication for test class fis.police.fis_police_server.service.serviceImpl.AgentServiceImplTest
2022-01-20 12:56:24.307  INFO 59307 --- [    Test worker] .b.t.c.SpringBootTestContextBootstrapper : Loaded default TestExecutionListener class names from location [META-INF/spring.factories]: [org.springframework.test.context.web.ServletTestExecutionListener, org.springframework.test.context.support.DirtiesContextBeforeModesTestExecutionListener, org.springframework.test.context.event.ApplicationEventsTestExecutionListener, org.springframework.test.context.support.DependencyInjectionTestExecutionListener, org.springframework.test.context.support.DirtiesContextTestExecutionListener, org.springframework.test.context.transaction.TransactionalTestExecutionListener, org.springframework.test.context.jdbc.SqlScriptsTestExecutionListener, org.springframework.test.context.event.EventPublishingTestExecutionListener, org.springframework.boot.test.autoconfigure.restdocs.RestDocsTestExecutionListener, org.springframework.boot.test.autoconfigure.web.client.MockRestServiceServerResetTestExecutionListener, org.springframework.boot.test.autoconfigure.web.servlet.MockMvcPrintOnlyOnFailureTestExecutionListener, org.springframework.boot.test.autoconfigure.web.servlet.WebDriverTestExecutionListener, org.springframework.boot.test.autoconfigure.webservices.client.MockWebServiceServerTestExecutionListener, org.springframework.boot.test.mock.mockito.MockitoTestExecutionListener, org.springframework.boot.test.mock.mockito.ResetMocksTestExecutionListener]
2022-01-20 12:56:24.307  INFO 59307 --- [    Test worker] .b.t.c.SpringBootTestContextBootstrapper : Using TestExecutionListeners: [org.springframework.test.context.web.ServletTestExecutionListener@5c960f64, org.springframework.test.context.support.DirtiesContextBeforeModesTestExecutionListener@2f307fcc, org.springframework.test.context.event.ApplicationEventsTestExecutionListener@3aec2f59, org.springframework.boot.test.mock.mockito.MockitoTestExecutionListener@7f72855d, org.springframework.boot.test.autoconfigure.SpringBootDependencyInjectionTestExecutionListener@13f358f8, org.springframework.test.context.support.DirtiesContextTestExecutionListener@3f119b55, org.springframework.test.context.transaction.TransactionalTestExecutionListener@64dcfd09, org.springframework.test.context.jdbc.SqlScriptsTestExecutionListener@fefd4a2, org.springframework.test.context.event.EventPublishingTestExecutionListener@6d2693f, org.springframework.boot.test.autoconfigure.restdocs.RestDocsTestExecutionListener@352a8183, org.springframework.boot.test.autoconfigure.web.client.MockRestServiceServerResetTestExecutionListener@361d169a, org.springframework.boot.test.autoconfigure.web.servlet.MockMvcPrintOnlyOnFailureTestExecutionListener@47a68e3f, org.springframework.boot.test.autoconfigure.web.servlet.WebDriverTestExecutionListener@52288c65, org.springframework.boot.test.autoconfigure.webservices.client.MockWebServiceServerTestExecutionListener@33ef393a, org.springframework.boot.test.mock.mockito.ResetMocksTestExecutionListener@6d18401b]
2022-01-20 12:56:24.379 DEBUG 59307 --- [    Test worker] org.hibernate.SQL                        : 
    select
        agent0_.agent_id as agent_id1_0_,
        agent0_.a_address as a_addres2_0_,
        agent0_.a_code as a_code3_0_,
        agent0_.a_equipment as a_equipm4_0_,
        agent0_.a_has_car as a_has_ca5_0_,
        agent0_.a_latitude as a_latitu6_0_,
        agent0_.a_longitude as a_longit7_0_,
        agent0_.a_name as a_name8_0_,
        agent0_.a_ph as a_ph9_0_,
        agent0_.a_receive_date as a_recei10_0_,
        agent0_.a_status as a_statu11_0_ 
    from
        agent agent0_ 
    where
        agent0_.a_code=?
{"status":"OK","meta":{"totalCount":0,"count":0},"addresses":[],"errorMessage":""}
2022-01-20 12:56:24.729 DEBUG 59307 --- [    Test worker] org.hibernate.SQL                        : 
    select
        agent0_.agent_id as agent_id1_0_,
        agent0_.a_address as a_addres2_0_,
        agent0_.a_code as a_code3_0_,
        agent0_.a_equipment as a_equipm4_0_,
        agent0_.a_has_car as a_has_ca5_0_,
        agent0_.a_latitude as a_latitu6_0_,
        agent0_.a_longitude as a_longit7_0_,
        agent0_.a_name as a_name8_0_,
        agent0_.a_ph as a_ph9_0_,
        agent0_.a_receive_date as a_recei10_0_,
        agent0_.a_status as a_statu11_0_ 
    from
        agent agent0_ 
    where
        agent0_.a_code=?
{"status":"OK","meta":{"totalCount":1,"page":1,"count":1},"addresses":[{"roadAddress":"서울특별시 구로구 벚꽃로68길 10","jibunAddress":"서울특별시 구로구 구로동 405-23","englishAddress":"10, Beotkkot-ro 68-gil, Guro-gu, Seoul, Republic of Korea","addressElements":[{"types":["SIDO"],"longName":"서울특별시","shortName":"서울특별시","code":""},{"types":["SIGUGUN"],"longName":"구로구","shortName":"구로구","code":""},{"types":["DONGMYUN"],"longName":"구로동","shortName":"구로동","code":""},{"types":["RI"],"longName":"","shortName":"","code":""},{"types":["ROAD_NAME"],"longName":"벚꽃로68길","shortName":"벚꽃로68길","code":""},{"types":["BUILDING_NUMBER"],"longName":"10","shortName":"10","code":""},{"types":["BUILDING_NAME"],"longName":"","shortName":"","code":""},{"types":["LAND_NUMBER"],"longName":"405-23","shortName":"405-23","code":""},{"types":["POSTAL_CODE"],"longName":"08287","shortName":"08287","code":""}],"x":"126.8807856","y":"37.4922113","distance":0.0}],"errorMessage":""}
2022-01-20 12:56:24.923 DEBUG 59307 --- [    Test worker] org.hibernate.SQL                        : 
    call next value for hibernate_sequence
2022-01-20 12:56:24.925 DEBUG 59307 --- [    Test worker] org.hibernate.SQL                        : 
    insert 
    into
        agent
        (a_address, a_code, a_equipment, a_has_car, a_latitude, a_longitude, a_name, a_ph, a_receive_date, a_status, agent_id) 
    values
        (?, ?, ?, ?, ?, ?, ?, ?, ?, ?, ?)
2022-01-20 12:56:24.928 DEBUG 59307 --- [    Test worker] org.hibernate.SQL                        : 
    select
        agent0_.agent_id as agent_id1_0_,
        agent0_.a_address as a_addres2_0_,
        agent0_.a_code as a_code3_0_,
        agent0_.a_equipment as a_equipm4_0_,
        agent0_.a_has_car as a_has_ca5_0_,
        agent0_.a_latitude as a_latitu6_0_,
        agent0_.a_longitude as a_longit7_0_,
        agent0_.a_name as a_name8_0_,
        agent0_.a_ph as a_ph9_0_,
        agent0_.a_receive_date as a_recei10_0_,
        agent0_.a_status as a_statu11_0_ 
    from
        agent agent0_ 
    where
        agent0_.a_code=?
]]></system-out>
  <system-err><![CDATA[]]></system-err>
</testsuite>
