<?xml version="1.0" encoding="UTF-8"?>
<testsuite name="fis.police.fis_police_server.service.serviceImpl.CenterServiceImplTest" tests="5" skipped="0" failures="0" errors="0" timestamp="2022-01-20T03:56:24" hostname="junyeong.local" time="0.072">
  <properties/>
  <testcase name="modifyCenter()" classname="fis.police.fis_police_server.service.serviceImpl.CenterServiceImplTest" time="0.003"/>
  <testcase name="센터찾기 테스트" classname="fis.police.fis_police_server.service.serviceImpl.CenterServiceImplTest" time="0.057"/>
  <testcase name="getCenter()" classname="fis.police.fis_police_server.service.serviceImpl.CenterServiceImplTest" time="0.004"/>
  <testcase name="saveCenter()" classname="fis.police.fis_police_server.service.serviceImpl.CenterServiceImplTest" time="0.003"/>
  <testcase name="centerInfo()" classname="fis.police.fis_police_server.service.serviceImpl.CenterServiceImplTest" time="0.003"/>
  <system-out><![CDATA[2022-01-20 12:56:24.937  INFO 59307 --- [    Test worker] .b.t.c.SpringBootTestContextBootstrapper : Neither @ContextConfiguration nor @ContextHierarchy found for test class [fis.police.fis_police_server.service.serviceImpl.CenterServiceImplTest], using SpringBootContextLoader
2022-01-20 12:56:24.938  INFO 59307 --- [    Test worker] o.s.t.c.support.AbstractContextLoader    : Could not detect default resource locations for test class [fis.police.fis_police_server.service.serviceImpl.CenterServiceImplTest]: no resource found for suffixes {-context.xml, Context.groovy}.
2022-01-20 12:56:24.938  INFO 59307 --- [    Test worker] t.c.s.AnnotationConfigContextLoaderUtils : Could not detect default configuration classes for test class [fis.police.fis_police_server.service.serviceImpl.CenterServiceImplTest]: CenterServiceImplTest does not declare any static, non-private, non-final, nested classes annotated with @Configuration.
2022-01-20 12:56:24.939  INFO 59307 --- [    Test worker] .b.t.c.SpringBootTestContextBootstrapper : Found @SpringBootConfiguration fis.police.fis_police_server.FisPoliceServerApplication for test class fis.police.fis_police_server.service.serviceImpl.CenterServiceImplTest
2022-01-20 12:56:24.940  INFO 59307 --- [    Test worker] .b.t.c.SpringBootTestContextBootstrapper : Loaded default TestExecutionListener class names from location [META-INF/spring.factories]: [org.springframework.test.context.web.ServletTestExecutionListener, org.springframework.test.context.support.DirtiesContextBeforeModesTestExecutionListener, org.springframework.test.context.event.ApplicationEventsTestExecutionListener, org.springframework.test.context.support.DependencyInjectionTestExecutionListener, org.springframework.test.context.support.DirtiesContextTestExecutionListener, org.springframework.test.context.transaction.TransactionalTestExecutionListener, org.springframework.test.context.jdbc.SqlScriptsTestExecutionListener, org.springframework.test.context.event.EventPublishingTestExecutionListener, org.springframework.boot.test.autoconfigure.restdocs.RestDocsTestExecutionListener, org.springframework.boot.test.autoconfigure.web.client.MockRestServiceServerResetTestExecutionListener, org.springframework.boot.test.autoconfigure.web.servlet.MockMvcPrintOnlyOnFailureTestExecutionListener, org.springframework.boot.test.autoconfigure.web.servlet.WebDriverTestExecutionListener, org.springframework.boot.test.autoconfigure.webservices.client.MockWebServiceServerTestExecutionListener, org.springframework.boot.test.mock.mockito.MockitoTestExecutionListener, org.springframework.boot.test.mock.mockito.ResetMocksTestExecutionListener]
2022-01-20 12:56:24.940  INFO 59307 --- [    Test worker] .b.t.c.SpringBootTestContextBootstrapper : Using TestExecutionListeners: [org.springframework.test.context.web.ServletTestExecutionListener@4ec28534, org.springframework.test.context.support.DirtiesContextBeforeModesTestExecutionListener@921dbcf, org.springframework.test.context.event.ApplicationEventsTestExecutionListener@163b8acc, org.springframework.boot.test.mock.mockito.MockitoTestExecutionListener@24090832, org.springframework.boot.test.autoconfigure.SpringBootDependencyInjectionTestExecutionListener@7e38d2a2, org.springframework.test.context.support.DirtiesContextTestExecutionListener@79408109, org.springframework.test.context.transaction.TransactionalTestExecutionListener@33671907, org.springframework.test.context.jdbc.SqlScriptsTestExecutionListener@5fc3dfc1, org.springframework.test.context.event.EventPublishingTestExecutionListener@67d6bb59, org.springframework.boot.test.autoconfigure.restdocs.RestDocsTestExecutionListener@1a632663, org.springframework.boot.test.autoconfigure.web.client.MockRestServiceServerResetTestExecutionListener@1147ab09, org.springframework.boot.test.autoconfigure.web.servlet.MockMvcPrintOnlyOnFailureTestExecutionListener@503b5337, org.springframework.boot.test.autoconfigure.web.servlet.WebDriverTestExecutionListener@265361a, org.springframework.boot.test.autoconfigure.webservices.client.MockWebServiceServerTestExecutionListener@136480b, org.springframework.boot.test.mock.mockito.ResetMocksTestExecutionListener@2d85a4c7]
2022-01-20 12:56:24.942  INFO 59307 --- [    Test worker] o.s.t.c.transaction.TransactionContext   : Began transaction (1) for test context [DefaultTestContext@3fb5809a testClass = CenterServiceImplTest, testInstance = fis.police.fis_police_server.service.serviceImpl.CenterServiceImplTest@77954f77, testMethod = modifyCenter@CenterServiceImplTest, testException = [null], mergedContextConfiguration = [WebMergedContextConfiguration@6529b078 testClass = CenterServiceImplTest, locations = '{}', classes = '{class fis.police.fis_police_server.FisPoliceServerApplication}', contextInitializerClasses = '[]', activeProfiles = '{}', propertySourceLocations = '{}', propertySourceProperties = '{org.springframework.boot.test.context.SpringBootTestContextBootstrapper=true}', contextCustomizers = set[org.springframework.boot.test.autoconfigure.actuate.metrics.MetricsExportContextCustomizerFactory$DisableMetricExportContextCustomizer@6941827a, org.springframework.boot.test.autoconfigure.properties.PropertyMappingContextCustomizer@0, org.springframework.boot.test.autoconfigure.web.servlet.WebDriverContextCustomizerFactory$Customizer@1af146, org.springframework.boot.test.context.filter.ExcludeFilterContextCustomizer@fb9c7aa, org.springframework.boot.test.json.DuplicateJsonObjectContextCustomizerFactory$DuplicateJsonObjectContextCustomizer@21baa903, org.springframework.boot.test.mock.mockito.MockitoContextCustomizer@0, org.springframework.boot.test.web.client.TestRestTemplateContextCustomizer@20a8a64e, org.springframework.boot.test.context.SpringBootTestArgs@1, org.springframework.boot.test.context.SpringBootTestWebEnvironment@3e2055d6], resourceBasePath = 'src/main/webapp', contextLoader = 'org.springframework.boot.test.context.SpringBootContextLoader', parent = [null]], attributes = map['org.springframework.test.context.web.ServletTestExecutionListener.activateListener' -> true, 'org.springframework.test.context.web.ServletTestExecutionListener.populatedRequestContextHolder' -> true, 'org.springframework.test.context.web.ServletTestExecutionListener.resetRequestContextHolder' -> true, 'org.springframework.test.context.event.ApplicationEventsTestExecutionListener.recordApplicationEvents' -> false]]; transaction manager [org.springframework.orm.jpa.JpaTransactionManager@28fef9a2]; rollback [true]
2022-01-20 12:56:24.944  INFO 59307 --- [    Test worker] o.s.t.c.transaction.TransactionContext   : Rolled back transaction for test: [DefaultTestContext@3fb5809a testClass = CenterServiceImplTest, testInstance = fis.police.fis_police_server.service.serviceImpl.CenterServiceImplTest@77954f77, testMethod = modifyCenter@CenterServiceImplTest, testException = [null], mergedContextConfiguration = [WebMergedContextConfiguration@6529b078 testClass = CenterServiceImplTest, locations = '{}', classes = '{class fis.police.fis_police_server.FisPoliceServerApplication}', contextInitializerClasses = '[]', activeProfiles = '{}', propertySourceLocations = '{}', propertySourceProperties = '{org.springframework.boot.test.context.SpringBootTestContextBootstrapper=true}', contextCustomizers = set[org.springframework.boot.test.autoconfigure.actuate.metrics.MetricsExportContextCustomizerFactory$DisableMetricExportContextCustomizer@6941827a, org.springframework.boot.test.autoconfigure.properties.PropertyMappingContextCustomizer@0, org.springframework.boot.test.autoconfigure.web.servlet.WebDriverContextCustomizerFactory$Customizer@1af146, org.springframework.boot.test.context.filter.ExcludeFilterContextCustomizer@fb9c7aa, org.springframework.boot.test.json.DuplicateJsonObjectContextCustomizerFactory$DuplicateJsonObjectContextCustomizer@21baa903, org.springframework.boot.test.mock.mockito.MockitoContextCustomizer@0, org.springframework.boot.test.web.client.TestRestTemplateContextCustomizer@20a8a64e, org.springframework.boot.test.context.SpringBootTestArgs@1, org.springframework.boot.test.context.SpringBootTestWebEnvironment@3e2055d6], resourceBasePath = 'src/main/webapp', contextLoader = 'org.springframework.boot.test.context.SpringBootContextLoader', parent = [null]], attributes = map['org.springframework.test.context.web.ServletTestExecutionListener.activateListener' -> true, 'org.springframework.test.context.web.ServletTestExecutionListener.populatedRequestContextHolder' -> true, 'org.springframework.test.context.web.ServletTestExecutionListener.resetRequestContextHolder' -> true, 'org.springframework.test.context.event.ApplicationEventsTestExecutionListener.recordApplicationEvents' -> false]]
2022-01-20 12:56:24.946  INFO 59307 --- [    Test worker] o.s.t.c.transaction.TransactionContext   : Began transaction (1) for test context [DefaultTestContext@3fb5809a testClass = CenterServiceImplTest, testInstance = fis.police.fis_police_server.service.serviceImpl.CenterServiceImplTest@2165b170, testMethod = findCenterList@CenterServiceImplTest, testException = [null], mergedContextConfiguration = [WebMergedContextConfiguration@6529b078 testClass = CenterServiceImplTest, locations = '{}', classes = '{class fis.police.fis_police_server.FisPoliceServerApplication}', contextInitializerClasses = '[]', activeProfiles = '{}', propertySourceLocations = '{}', propertySourceProperties = '{org.springframework.boot.test.context.SpringBootTestContextBootstrapper=true}', contextCustomizers = set[org.springframework.boot.test.autoconfigure.actuate.metrics.MetricsExportContextCustomizerFactory$DisableMetricExportContextCustomizer@6941827a, org.springframework.boot.test.autoconfigure.properties.PropertyMappingContextCustomizer@0, org.springframework.boot.test.autoconfigure.web.servlet.WebDriverContextCustomizerFactory$Customizer@1af146, org.springframework.boot.test.context.filter.ExcludeFilterContextCustomizer@fb9c7aa, org.springframework.boot.test.json.DuplicateJsonObjectContextCustomizerFactory$DuplicateJsonObjectContextCustomizer@21baa903, org.springframework.boot.test.mock.mockito.MockitoContextCustomizer@0, org.springframework.boot.test.web.client.TestRestTemplateContextCustomizer@20a8a64e, org.springframework.boot.test.context.SpringBootTestArgs@1, org.springframework.boot.test.context.SpringBootTestWebEnvironment@3e2055d6], resourceBasePath = 'src/main/webapp', contextLoader = 'org.springframework.boot.test.context.SpringBootContextLoader', parent = [null]], attributes = map['org.springframework.test.context.web.ServletTestExecutionListener.activateListener' -> true, 'org.springframework.test.context.web.ServletTestExecutionListener.populatedRequestContextHolder' -> true, 'org.springframework.test.context.web.ServletTestExecutionListener.resetRequestContextHolder' -> true, 'org.springframework.test.context.event.ApplicationEventsTestExecutionListener.recordApplicationEvents' -> false]]; transaction manager [org.springframework.orm.jpa.JpaTransactionManager@28fef9a2]; rollback [true]
2022-01-20 12:56:24.947 DEBUG 59307 --- [    Test worker] org.hibernate.SQL                        : 
    call next value for hibernate_sequence
2022-01-20 12:56:24.947 DEBUG 59307 --- [    Test worker] org.hibernate.SQL                        : 
    call next value for hibernate_sequence
2022-01-20 12:56:24.948 DEBUG 59307 --- [    Test worker] org.hibernate.SQL                        : 
    call next value for hibernate_sequence
2022-01-20 12:56:24.949 DEBUG 59307 --- [    Test worker] org.hibernate.SQL                        : 
    insert 
    into
        center
        (c_address, c_fax_num, c_hp_address, c_latitude, c_longitude, c_name, c_people, c_ph, c_sido, c_sigungu, c_status, c_type, c_zipcode, participation, visited, center_id) 
    values
        (?, ?, ?, ?, ?, ?, ?, ?, ?, ?, ?, ?, ?, ?, ?, ?)
2022-01-20 12:56:24.949 DEBUG 59307 --- [    Test worker] org.hibernate.SQL                        : 
    insert 
    into
        center
        (c_address, c_fax_num, c_hp_address, c_latitude, c_longitude, c_name, c_people, c_ph, c_sido, c_sigungu, c_status, c_type, c_zipcode, participation, visited, center_id) 
    values
        (?, ?, ?, ?, ?, ?, ?, ?, ?, ?, ?, ?, ?, ?, ?, ?)
2022-01-20 12:56:24.950 DEBUG 59307 --- [    Test worker] org.hibernate.SQL                        : 
    insert 
    into
        center
        (c_address, c_fax_num, c_hp_address, c_latitude, c_longitude, c_name, c_people, c_ph, c_sido, c_sigungu, c_status, c_type, c_zipcode, participation, visited, center_id) 
    values
        (?, ?, ?, ?, ?, ?, ?, ?, ?, ?, ?, ?, ?, ?, ?, ?)
영속성 컨택스트 초기화
1차 데이터 검색
2022-01-20 12:56:24.984 DEBUG 59307 --- [    Test worker] org.hibernate.SQL                        : 
    select
        center0_.center_id as col_0_0_,
        center0_.c_address as col_1_0_,
        center0_.c_ph as col_2_0_,
        center0_.participation as col_3_0_,
        center0_.visited as col_4_0_ 
    from
        center center0_ 
    where
        center0_.c_name=? limit ?
e = CenterSearchResponseDTO(c_id=32, c_address=서울, c_ph=001, participation=null, visited=null)
2차 데이터 검색
2022-01-20 12:56:24.995 DEBUG 59307 --- [    Test worker] org.hibernate.SQL                        : 
    select
        center0_.center_id as col_0_0_,
        center0_.c_address as col_1_0_,
        center0_.c_ph as col_2_0_,
        center0_.participation as col_3_0_,
        center0_.visited as col_4_0_ 
    from
        center center0_ limit ?
e = CenterSearchResponseDTO(c_id=1, c_address=null, c_ph=null, participation=PARTICIPATION, visited=null)
e = CenterSearchResponseDTO(c_id=10, c_address=분당구 불정로 6, c_ph=123, participation=null, visited=null)
e = CenterSearchResponseDTO(c_id=11, c_address=분당구 불정로 6, c_ph=123, participation=null, visited=null)
e = CenterSearchResponseDTO(c_id=12, c_address=분당구 불정로 6, c_ph=123, participation=null, visited=null)
e = CenterSearchResponseDTO(c_id=32, c_address=서울, c_ph=001, participation=null, visited=null)
e = CenterSearchResponseDTO(c_id=33, c_address=서울, c_ph=002, participation=null, visited=null)
e = CenterSearchResponseDTO(c_id=34, c_address=의정부, c_ph=003, participation=null, visited=null)
3차 데이터 검색
2022-01-20 12:56:24.999 DEBUG 59307 --- [    Test worker] org.hibernate.SQL                        : 
    select
        center0_.center_id as col_0_0_,
        center0_.c_address as col_1_0_,
        center0_.c_ph as col_2_0_,
        center0_.participation as col_3_0_,
        center0_.visited as col_4_0_ 
    from
        center center0_ 
    where
        center0_.c_name=? 
        and center0_.c_address=? limit ?
2022-01-20 12:56:25.002  INFO 59307 --- [    Test worker] o.s.t.c.transaction.TransactionContext   : Rolled back transaction for test: [DefaultTestContext@3fb5809a testClass = CenterServiceImplTest, testInstance = fis.police.fis_police_server.service.serviceImpl.CenterServiceImplTest@2165b170, testMethod = findCenterList@CenterServiceImplTest, testException = [null], mergedContextConfiguration = [WebMergedContextConfiguration@6529b078 testClass = CenterServiceImplTest, locations = '{}', classes = '{class fis.police.fis_police_server.FisPoliceServerApplication}', contextInitializerClasses = '[]', activeProfiles = '{}', propertySourceLocations = '{}', propertySourceProperties = '{org.springframework.boot.test.context.SpringBootTestContextBootstrapper=true}', contextCustomizers = set[org.springframework.boot.test.autoconfigure.actuate.metrics.MetricsExportContextCustomizerFactory$DisableMetricExportContextCustomizer@6941827a, org.springframework.boot.test.autoconfigure.properties.PropertyMappingContextCustomizer@0, org.springframework.boot.test.autoconfigure.web.servlet.WebDriverContextCustomizerFactory$Customizer@1af146, org.springframework.boot.test.context.filter.ExcludeFilterContextCustomizer@fb9c7aa, org.springframework.boot.test.json.DuplicateJsonObjectContextCustomizerFactory$DuplicateJsonObjectContextCustomizer@21baa903, org.springframework.boot.test.mock.mockito.MockitoContextCustomizer@0, org.springframework.boot.test.web.client.TestRestTemplateContextCustomizer@20a8a64e, org.springframework.boot.test.context.SpringBootTestArgs@1, org.springframework.boot.test.context.SpringBootTestWebEnvironment@3e2055d6], resourceBasePath = 'src/main/webapp', contextLoader = 'org.springframework.boot.test.context.SpringBootContextLoader', parent = [null]], attributes = map['org.springframework.test.context.web.ServletTestExecutionListener.activateListener' -> true, 'org.springframework.test.context.web.ServletTestExecutionListener.populatedRequestContextHolder' -> true, 'org.springframework.test.context.web.ServletTestExecutionListener.resetRequestContextHolder' -> true, 'org.springframework.test.context.event.ApplicationEventsTestExecutionListener.recordApplicationEvents' -> false]]
2022-01-20 12:56:25.004  INFO 59307 --- [    Test worker] o.s.t.c.transaction.TransactionContext   : Began transaction (1) for test context [DefaultTestContext@3fb5809a testClass = CenterServiceImplTest, testInstance = fis.police.fis_police_server.service.serviceImpl.CenterServiceImplTest@41413c5a, testMethod = getCenter@CenterServiceImplTest, testException = [null], mergedContextConfiguration = [WebMergedContextConfiguration@6529b078 testClass = CenterServiceImplTest, locations = '{}', classes = '{class fis.police.fis_police_server.FisPoliceServerApplication}', contextInitializerClasses = '[]', activeProfiles = '{}', propertySourceLocations = '{}', propertySourceProperties = '{org.springframework.boot.test.context.SpringBootTestContextBootstrapper=true}', contextCustomizers = set[org.springframework.boot.test.autoconfigure.actuate.metrics.MetricsExportContextCustomizerFactory$DisableMetricExportContextCustomizer@6941827a, org.springframework.boot.test.autoconfigure.properties.PropertyMappingContextCustomizer@0, org.springframework.boot.test.autoconfigure.web.servlet.WebDriverContextCustomizerFactory$Customizer@1af146, org.springframework.boot.test.context.filter.ExcludeFilterContextCustomizer@fb9c7aa, org.springframework.boot.test.json.DuplicateJsonObjectContextCustomizerFactory$DuplicateJsonObjectContextCustomizer@21baa903, org.springframework.boot.test.mock.mockito.MockitoContextCustomizer@0, org.springframework.boot.test.web.client.TestRestTemplateContextCustomizer@20a8a64e, org.springframework.boot.test.context.SpringBootTestArgs@1, org.springframework.boot.test.context.SpringBootTestWebEnvironment@3e2055d6], resourceBasePath = 'src/main/webapp', contextLoader = 'org.springframework.boot.test.context.SpringBootContextLoader', parent = [null]], attributes = map['org.springframework.test.context.web.ServletTestExecutionListener.activateListener' -> true, 'org.springframework.test.context.web.ServletTestExecutionListener.populatedRequestContextHolder' -> true, 'org.springframework.test.context.web.ServletTestExecutionListener.resetRequestContextHolder' -> true, 'org.springframework.test.context.event.ApplicationEventsTestExecutionListener.recordApplicationEvents' -> false]]; transaction manager [org.springframework.orm.jpa.JpaTransactionManager@28fef9a2]; rollback [true]
2022-01-20 12:56:25.006  INFO 59307 --- [    Test worker] o.s.t.c.transaction.TransactionContext   : Rolled back transaction for test: [DefaultTestContext@3fb5809a testClass = CenterServiceImplTest, testInstance = fis.police.fis_police_server.service.serviceImpl.CenterServiceImplTest@41413c5a, testMethod = getCenter@CenterServiceImplTest, testException = [null], mergedContextConfiguration = [WebMergedContextConfiguration@6529b078 testClass = CenterServiceImplTest, locations = '{}', classes = '{class fis.police.fis_police_server.FisPoliceServerApplication}', contextInitializerClasses = '[]', activeProfiles = '{}', propertySourceLocations = '{}', propertySourceProperties = '{org.springframework.boot.test.context.SpringBootTestContextBootstrapper=true}', contextCustomizers = set[org.springframework.boot.test.autoconfigure.actuate.metrics.MetricsExportContextCustomizerFactory$DisableMetricExportContextCustomizer@6941827a, org.springframework.boot.test.autoconfigure.properties.PropertyMappingContextCustomizer@0, org.springframework.boot.test.autoconfigure.web.servlet.WebDriverContextCustomizerFactory$Customizer@1af146, org.springframework.boot.test.context.filter.ExcludeFilterContextCustomizer@fb9c7aa, org.springframework.boot.test.json.DuplicateJsonObjectContextCustomizerFactory$DuplicateJsonObjectContextCustomizer@21baa903, org.springframework.boot.test.mock.mockito.MockitoContextCustomizer@0, org.springframework.boot.test.web.client.TestRestTemplateContextCustomizer@20a8a64e, org.springframework.boot.test.context.SpringBootTestArgs@1, org.springframework.boot.test.context.SpringBootTestWebEnvironment@3e2055d6], resourceBasePath = 'src/main/webapp', contextLoader = 'org.springframework.boot.test.context.SpringBootContextLoader', parent = [null]], attributes = map['org.springframework.test.context.web.ServletTestExecutionListener.activateListener' -> true, 'org.springframework.test.context.web.ServletTestExecutionListener.populatedRequestContextHolder' -> true, 'org.springframework.test.context.web.ServletTestExecutionListener.resetRequestContextHolder' -> true, 'org.springframework.test.context.event.ApplicationEventsTestExecutionListener.recordApplicationEvents' -> false]]
2022-01-20 12:56:25.008  INFO 59307 --- [    Test worker] o.s.t.c.transaction.TransactionContext   : Began transaction (1) for test context [DefaultTestContext@3fb5809a testClass = CenterServiceImplTest, testInstance = fis.police.fis_police_server.service.serviceImpl.CenterServiceImplTest@2fe12ec3, testMethod = saveCenter@CenterServiceImplTest, testException = [null], mergedContextConfiguration = [WebMergedContextConfiguration@6529b078 testClass = CenterServiceImplTest, locations = '{}', classes = '{class fis.police.fis_police_server.FisPoliceServerApplication}', contextInitializerClasses = '[]', activeProfiles = '{}', propertySourceLocations = '{}', propertySourceProperties = '{org.springframework.boot.test.context.SpringBootTestContextBootstrapper=true}', contextCustomizers = set[org.springframework.boot.test.autoconfigure.actuate.metrics.MetricsExportContextCustomizerFactory$DisableMetricExportContextCustomizer@6941827a, org.springframework.boot.test.autoconfigure.properties.PropertyMappingContextCustomizer@0, org.springframework.boot.test.autoconfigure.web.servlet.WebDriverContextCustomizerFactory$Customizer@1af146, org.springframework.boot.test.context.filter.ExcludeFilterContextCustomizer@fb9c7aa, org.springframework.boot.test.json.DuplicateJsonObjectContextCustomizerFactory$DuplicateJsonObjectContextCustomizer@21baa903, org.springframework.boot.test.mock.mockito.MockitoContextCustomizer@0, org.springframework.boot.test.web.client.TestRestTemplateContextCustomizer@20a8a64e, org.springframework.boot.test.context.SpringBootTestArgs@1, org.springframework.boot.test.context.SpringBootTestWebEnvironment@3e2055d6], resourceBasePath = 'src/main/webapp', contextLoader = 'org.springframework.boot.test.context.SpringBootContextLoader', parent = [null]], attributes = map['org.springframework.test.context.web.ServletTestExecutionListener.activateListener' -> true, 'org.springframework.test.context.web.ServletTestExecutionListener.populatedRequestContextHolder' -> true, 'org.springframework.test.context.web.ServletTestExecutionListener.resetRequestContextHolder' -> true, 'org.springframework.test.context.event.ApplicationEventsTestExecutionListener.recordApplicationEvents' -> false]]; transaction manager [org.springframework.orm.jpa.JpaTransactionManager@28fef9a2]; rollback [true]
2022-01-20 12:56:25.010  INFO 59307 --- [    Test worker] o.s.t.c.transaction.TransactionContext   : Rolled back transaction for test: [DefaultTestContext@3fb5809a testClass = CenterServiceImplTest, testInstance = fis.police.fis_police_server.service.serviceImpl.CenterServiceImplTest@2fe12ec3, testMethod = saveCenter@CenterServiceImplTest, testException = [null], mergedContextConfiguration = [WebMergedContextConfiguration@6529b078 testClass = CenterServiceImplTest, locations = '{}', classes = '{class fis.police.fis_police_server.FisPoliceServerApplication}', contextInitializerClasses = '[]', activeProfiles = '{}', propertySourceLocations = '{}', propertySourceProperties = '{org.springframework.boot.test.context.SpringBootTestContextBootstrapper=true}', contextCustomizers = set[org.springframework.boot.test.autoconfigure.actuate.metrics.MetricsExportContextCustomizerFactory$DisableMetricExportContextCustomizer@6941827a, org.springframework.boot.test.autoconfigure.properties.PropertyMappingContextCustomizer@0, org.springframework.boot.test.autoconfigure.web.servlet.WebDriverContextCustomizerFactory$Customizer@1af146, org.springframework.boot.test.context.filter.ExcludeFilterContextCustomizer@fb9c7aa, org.springframework.boot.test.json.DuplicateJsonObjectContextCustomizerFactory$DuplicateJsonObjectContextCustomizer@21baa903, org.springframework.boot.test.mock.mockito.MockitoContextCustomizer@0, org.springframework.boot.test.web.client.TestRestTemplateContextCustomizer@20a8a64e, org.springframework.boot.test.context.SpringBootTestArgs@1, org.springframework.boot.test.context.SpringBootTestWebEnvironment@3e2055d6], resourceBasePath = 'src/main/webapp', contextLoader = 'org.springframework.boot.test.context.SpringBootContextLoader', parent = [null]], attributes = map['org.springframework.test.context.web.ServletTestExecutionListener.activateListener' -> true, 'org.springframework.test.context.web.ServletTestExecutionListener.populatedRequestContextHolder' -> true, 'org.springframework.test.context.web.ServletTestExecutionListener.resetRequestContextHolder' -> true, 'org.springframework.test.context.event.ApplicationEventsTestExecutionListener.recordApplicationEvents' -> false]]
2022-01-20 12:56:25.012  INFO 59307 --- [    Test worker] o.s.t.c.transaction.TransactionContext   : Began transaction (1) for test context [DefaultTestContext@3fb5809a testClass = CenterServiceImplTest, testInstance = fis.police.fis_police_server.service.serviceImpl.CenterServiceImplTest@678a7489, testMethod = centerInfo@CenterServiceImplTest, testException = [null], mergedContextConfiguration = [WebMergedContextConfiguration@6529b078 testClass = CenterServiceImplTest, locations = '{}', classes = '{class fis.police.fis_police_server.FisPoliceServerApplication}', contextInitializerClasses = '[]', activeProfiles = '{}', propertySourceLocations = '{}', propertySourceProperties = '{org.springframework.boot.test.context.SpringBootTestContextBootstrapper=true}', contextCustomizers = set[org.springframework.boot.test.autoconfigure.actuate.metrics.MetricsExportContextCustomizerFactory$DisableMetricExportContextCustomizer@6941827a, org.springframework.boot.test.autoconfigure.properties.PropertyMappingContextCustomizer@0, org.springframework.boot.test.autoconfigure.web.servlet.WebDriverContextCustomizerFactory$Customizer@1af146, org.springframework.boot.test.context.filter.ExcludeFilterContextCustomizer@fb9c7aa, org.springframework.boot.test.json.DuplicateJsonObjectContextCustomizerFactory$DuplicateJsonObjectContextCustomizer@21baa903, org.springframework.boot.test.mock.mockito.MockitoContextCustomizer@0, org.springframework.boot.test.web.client.TestRestTemplateContextCustomizer@20a8a64e, org.springframework.boot.test.context.SpringBootTestArgs@1, org.springframework.boot.test.context.SpringBootTestWebEnvironment@3e2055d6], resourceBasePath = 'src/main/webapp', contextLoader = 'org.springframework.boot.test.context.SpringBootContextLoader', parent = [null]], attributes = map['org.springframework.test.context.web.ServletTestExecutionListener.activateListener' -> true, 'org.springframework.test.context.web.ServletTestExecutionListener.populatedRequestContextHolder' -> true, 'org.springframework.test.context.web.ServletTestExecutionListener.resetRequestContextHolder' -> true, 'org.springframework.test.context.event.ApplicationEventsTestExecutionListener.recordApplicationEvents' -> false]]; transaction manager [org.springframework.orm.jpa.JpaTransactionManager@28fef9a2]; rollback [true]
2022-01-20 12:56:25.014  INFO 59307 --- [    Test worker] o.s.t.c.transaction.TransactionContext   : Rolled back transaction for test: [DefaultTestContext@3fb5809a testClass = CenterServiceImplTest, testInstance = fis.police.fis_police_server.service.serviceImpl.CenterServiceImplTest@678a7489, testMethod = centerInfo@CenterServiceImplTest, testException = [null], mergedContextConfiguration = [WebMergedContextConfiguration@6529b078 testClass = CenterServiceImplTest, locations = '{}', classes = '{class fis.police.fis_police_server.FisPoliceServerApplication}', contextInitializerClasses = '[]', activeProfiles = '{}', propertySourceLocations = '{}', propertySourceProperties = '{org.springframework.boot.test.context.SpringBootTestContextBootstrapper=true}', contextCustomizers = set[org.springframework.boot.test.autoconfigure.actuate.metrics.MetricsExportContextCustomizerFactory$DisableMetricExportContextCustomizer@6941827a, org.springframework.boot.test.autoconfigure.properties.PropertyMappingContextCustomizer@0, org.springframework.boot.test.autoconfigure.web.servlet.WebDriverContextCustomizerFactory$Customizer@1af146, org.springframework.boot.test.context.filter.ExcludeFilterContextCustomizer@fb9c7aa, org.springframework.boot.test.json.DuplicateJsonObjectContextCustomizerFactory$DuplicateJsonObjectContextCustomizer@21baa903, org.springframework.boot.test.mock.mockito.MockitoContextCustomizer@0, org.springframework.boot.test.web.client.TestRestTemplateContextCustomizer@20a8a64e, org.springframework.boot.test.context.SpringBootTestArgs@1, org.springframework.boot.test.context.SpringBootTestWebEnvironment@3e2055d6], resourceBasePath = 'src/main/webapp', contextLoader = 'org.springframework.boot.test.context.SpringBootContextLoader', parent = [null]], attributes = map['org.springframework.test.context.web.ServletTestExecutionListener.activateListener' -> true, 'org.springframework.test.context.web.ServletTestExecutionListener.populatedRequestContextHolder' -> true, 'org.springframework.test.context.web.ServletTestExecutionListener.resetRequestContextHolder' -> true, 'org.springframework.test.context.event.ApplicationEventsTestExecutionListener.recordApplicationEvents' -> false]]
]]></system-out>
  <system-err><![CDATA[]]></system-err>
</testsuite>
