<?xml version="1.0" encoding="UTF-8"?>
<testsuite name="fis.police.fis_police_server.FisPoliceServerApplicationTests" tests="1" skipped="0" failures="0" errors="0" timestamp="2022-01-20T03:56:24" hostname="junyeong.local" time="0.002">
  <properties/>
  <testcase name="contextLoads()" classname="fis.police.fis_police_server.FisPoliceServerApplicationTests" time="0.002"/>
  <system-out><![CDATA[2022-01-20 12:56:24.289  INFO 59307 --- [    Test worker] .b.t.c.SpringBootTestContextBootstrapper : Neither @ContextConfiguration nor @ContextHierarchy found for test class [fis.police.fis_police_server.FisPoliceServerApplicationTests], using SpringBootContextLoader
2022-01-20 12:56:24.289  INFO 59307 --- [    Test worker] o.s.t.c.support.AbstractContextLoader    : Could not detect default resource locations for test class [fis.police.fis_police_server.FisPoliceServerApplicationTests]: no resource found for suffixes {-context.xml, Context.groovy}.
2022-01-20 12:56:24.289  INFO 59307 --- [    Test worker] t.c.s.AnnotationConfigContextLoaderUtils : Could not detect default configuration classes for test class [fis.police.fis_police_server.FisPoliceServerApplicationTests]: FisPoliceServerApplicationTests does not declare any static, non-private, non-final, nested classes annotated with @Configuration.
2022-01-20 12:56:24.293  INFO 59307 --- [    Test worker] .b.t.c.SpringBootTestContextBootstrapper : Found @SpringBootConfiguration fis.police.fis_police_server.FisPoliceServerApplication for test class fis.police.fis_police_server.FisPoliceServerApplicationTests
2022-01-20 12:56:24.294  INFO 59307 --- [    Test worker] .b.t.c.SpringBootTestContextBootstrapper : Loaded default TestExecutionListener class names from location [META-INF/spring.factories]: [org.springframework.test.context.web.ServletTestExecutionListener, org.springframework.test.context.support.DirtiesContextBeforeModesTestExecutionListener, org.springframework.test.context.event.ApplicationEventsTestExecutionListener, org.springframework.test.context.support.DependencyInjectionTestExecutionListener, org.springframework.test.context.support.DirtiesContextTestExecutionListener, org.springframework.test.context.transaction.TransactionalTestExecutionListener, org.springframework.test.context.jdbc.SqlScriptsTestExecutionListener, org.springframework.test.context.event.EventPublishingTestExecutionListener, org.springframework.boot.test.autoconfigure.restdocs.RestDocsTestExecutionListener, org.springframework.boot.test.autoconfigure.web.client.MockRestServiceServerResetTestExecutionListener, org.springframework.boot.test.autoconfigure.web.servlet.MockMvcPrintOnlyOnFailureTestExecutionListener, org.springframework.boot.test.autoconfigure.web.servlet.WebDriverTestExecutionListener, org.springframework.boot.test.autoconfigure.webservices.client.MockWebServiceServerTestExecutionListener, org.springframework.boot.test.mock.mockito.MockitoTestExecutionListener, org.springframework.boot.test.mock.mockito.ResetMocksTestExecutionListener]
2022-01-20 12:56:24.295  INFO 59307 --- [    Test worker] .b.t.c.SpringBootTestContextBootstrapper : Using TestExecutionListeners: [org.springframework.test.context.web.ServletTestExecutionListener@7f6137fb, org.springframework.test.context.support.DirtiesContextBeforeModesTestExecutionListener@57657b96, org.springframework.test.context.event.ApplicationEventsTestExecutionListener@179f30b7, org.springframework.boot.test.mock.mockito.MockitoTestExecutionListener@64864875, org.springframework.boot.test.autoconfigure.SpringBootDependencyInjectionTestExecutionListener@12ae75f1, org.springframework.test.context.support.DirtiesContextTestExecutionListener@6eeb15f9, org.springframework.test.context.transaction.TransactionalTestExecutionListener@1f8a1b, org.springframework.test.context.jdbc.SqlScriptsTestExecutionListener@568cbf8d, org.springframework.test.context.event.EventPublishingTestExecutionListener@376c5950, org.springframework.boot.test.autoconfigure.restdocs.RestDocsTestExecutionListener@11ec699, org.springframework.boot.test.autoconfigure.web.client.MockRestServiceServerResetTestExecutionListener@7d2ddbf3, org.springframework.boot.test.autoconfigure.web.servlet.MockMvcPrintOnlyOnFailureTestExecutionListener@4eee730c, org.springframework.boot.test.autoconfigure.web.servlet.WebDriverTestExecutionListener@1b1d1558, org.springframework.boot.test.autoconfigure.webservices.client.MockWebServiceServerTestExecutionListener@6cc022ac, org.springframework.boot.test.mock.mockito.ResetMocksTestExecutionListener@7f219e84]
]]></system-out>
  <system-err><![CDATA[]]></system-err>
</testsuite>
