<?xml version="1.0" encoding="UTF-8"?>
<testsuite name="fis.police.fis_police_server.service.serviceImpl.UserServiceImplTest" tests="1" skipped="0" failures="0" errors="0" timestamp="2022-01-20T03:56:25" hostname="junyeong.local" time="0.004">
  <properties/>
  <testcase name="회원가입_닉네임_중복()" classname="fis.police.fis_police_server.service.serviceImpl.UserServiceImplTest" time="0.004"/>
  <system-out><![CDATA[2022-01-20 12:56:25.015  INFO 59307 --- [    Test worker] .b.t.c.SpringBootTestContextBootstrapper : Neither @ContextConfiguration nor @ContextHierarchy found for test class [fis.police.fis_police_server.service.serviceImpl.UserServiceImplTest], using SpringBootContextLoader
2022-01-20 12:56:25.015  INFO 59307 --- [    Test worker] o.s.t.c.support.AbstractContextLoader    : Could not detect default resource locations for test class [fis.police.fis_police_server.service.serviceImpl.UserServiceImplTest]: no resource found for suffixes {-context.xml, Context.groovy}.
2022-01-20 12:56:25.015  INFO 59307 --- [    Test worker] t.c.s.AnnotationConfigContextLoaderUtils : Could not detect default configuration classes for test class [fis.police.fis_police_server.service.serviceImpl.UserServiceImplTest]: UserServiceImplTest does not declare any static, non-private, non-final, nested classes annotated with @Configuration.
2022-01-20 12:56:25.016  INFO 59307 --- [    Test worker] .b.t.c.SpringBootTestContextBootstrapper : Found @SpringBootConfiguration fis.police.fis_police_server.FisPoliceServerApplication for test class fis.police.fis_police_server.service.serviceImpl.UserServiceImplTest
2022-01-20 12:56:25.017  INFO 59307 --- [    Test worker] .b.t.c.SpringBootTestContextBootstrapper : Loaded default TestExecutionListener class names from location [META-INF/spring.factories]: [org.springframework.test.context.web.ServletTestExecutionListener, org.springframework.test.context.support.DirtiesContextBeforeModesTestExecutionListener, org.springframework.test.context.event.ApplicationEventsTestExecutionListener, org.springframework.test.context.support.DependencyInjectionTestExecutionListener, org.springframework.test.context.support.DirtiesContextTestExecutionListener, org.springframework.test.context.transaction.TransactionalTestExecutionListener, org.springframework.test.context.jdbc.SqlScriptsTestExecutionListener, org.springframework.test.context.event.EventPublishingTestExecutionListener, org.springframework.boot.test.autoconfigure.restdocs.RestDocsTestExecutionListener, org.springframework.boot.test.autoconfigure.web.client.MockRestServiceServerResetTestExecutionListener, org.springframework.boot.test.autoconfigure.web.servlet.MockMvcPrintOnlyOnFailureTestExecutionListener, org.springframework.boot.test.autoconfigure.web.servlet.WebDriverTestExecutionListener, org.springframework.boot.test.autoconfigure.webservices.client.MockWebServiceServerTestExecutionListener, org.springframework.boot.test.mock.mockito.MockitoTestExecutionListener, org.springframework.boot.test.mock.mockito.ResetMocksTestExecutionListener]
2022-01-20 12:56:25.017  INFO 59307 --- [    Test worker] .b.t.c.SpringBootTestContextBootstrapper : Using TestExecutionListeners: [org.springframework.test.context.web.ServletTestExecutionListener@4f1072ee, org.springframework.test.context.support.DirtiesContextBeforeModesTestExecutionListener@7b0a69b9, org.springframework.test.context.event.ApplicationEventsTestExecutionListener@6d398b6c, org.springframework.boot.test.mock.mockito.MockitoTestExecutionListener@a8ef0c2, org.springframework.boot.test.autoconfigure.SpringBootDependencyInjectionTestExecutionListener@46c5747f, org.springframework.test.context.support.DirtiesContextTestExecutionListener@6eaa8abf, org.springframework.test.context.transaction.TransactionalTestExecutionListener@4fe91eed, org.springframework.test.context.jdbc.SqlScriptsTestExecutionListener@329cef32, org.springframework.test.context.event.EventPublishingTestExecutionListener@5f171392, org.springframework.boot.test.autoconfigure.restdocs.RestDocsTestExecutionListener@655295bd, org.springframework.boot.test.autoconfigure.web.client.MockRestServiceServerResetTestExecutionListener@62cbe18c, org.springframework.boot.test.autoconfigure.web.servlet.MockMvcPrintOnlyOnFailureTestExecutionListener@377b7798, org.springframework.boot.test.autoconfigure.web.servlet.WebDriverTestExecutionListener@50177966, org.springframework.boot.test.autoconfigure.webservices.client.MockWebServiceServerTestExecutionListener@2199e1a4, org.springframework.boot.test.mock.mockito.ResetMocksTestExecutionListener@1c63b39a]
2022-01-20 12:56:25.020  INFO 59307 --- [    Test worker] o.s.t.c.transaction.TransactionContext   : Began transaction (1) for test context [DefaultTestContext@7e729046 testClass = UserServiceImplTest, testInstance = fis.police.fis_police_server.service.serviceImpl.UserServiceImplTest@565bf1bb, testMethod = 회원가입_닉네임_중복@UserServiceImplTest, testException = [null], mergedContextConfiguration = [WebMergedContextConfiguration@3638a852 testClass = UserServiceImplTest, locations = '{}', classes = '{class fis.police.fis_police_server.FisPoliceServerApplication}', contextInitializerClasses = '[]', activeProfiles = '{}', propertySourceLocations = '{}', propertySourceProperties = '{org.springframework.boot.test.context.SpringBootTestContextBootstrapper=true}', contextCustomizers = set[org.springframework.boot.test.autoconfigure.actuate.metrics.MetricsExportContextCustomizerFactory$DisableMetricExportContextCustomizer@6941827a, org.springframework.boot.test.autoconfigure.properties.PropertyMappingContextCustomizer@0, org.springframework.boot.test.autoconfigure.web.servlet.WebDriverContextCustomizerFactory$Customizer@1af146, org.springframework.boot.test.context.filter.ExcludeFilterContextCustomizer@fb9c7aa, org.springframework.boot.test.json.DuplicateJsonObjectContextCustomizerFactory$DuplicateJsonObjectContextCustomizer@21baa903, org.springframework.boot.test.mock.mockito.MockitoContextCustomizer@0, org.springframework.boot.test.web.client.TestRestTemplateContextCustomizer@20a8a64e, org.springframework.boot.test.context.SpringBootTestArgs@1, org.springframework.boot.test.context.SpringBootTestWebEnvironment@3e2055d6], resourceBasePath = 'src/main/webapp', contextLoader = 'org.springframework.boot.test.context.SpringBootContextLoader', parent = [null]], attributes = map['org.springframework.test.context.web.ServletTestExecutionListener.activateListener' -> true, 'org.springframework.test.context.web.ServletTestExecutionListener.populatedRequestContextHolder' -> true, 'org.springframework.test.context.web.ServletTestExecutionListener.resetRequestContextHolder' -> true, 'org.springframework.test.context.event.ApplicationEventsTestExecutionListener.recordApplicationEvents' -> false]]; transaction manager [org.springframework.orm.jpa.JpaTransactionManager@28fef9a2]; rollback [true]
2022-01-20 12:56:25.022  INFO 59307 --- [    Test worker] o.s.t.c.transaction.TransactionContext   : Rolled back transaction for test: [DefaultTestContext@7e729046 testClass = UserServiceImplTest, testInstance = fis.police.fis_police_server.service.serviceImpl.UserServiceImplTest@565bf1bb, testMethod = 회원가입_닉네임_중복@UserServiceImplTest, testException = [null], mergedContextConfiguration = [WebMergedContextConfiguration@3638a852 testClass = UserServiceImplTest, locations = '{}', classes = '{class fis.police.fis_police_server.FisPoliceServerApplication}', contextInitializerClasses = '[]', activeProfiles = '{}', propertySourceLocations = '{}', propertySourceProperties = '{org.springframework.boot.test.context.SpringBootTestContextBootstrapper=true}', contextCustomizers = set[org.springframework.boot.test.autoconfigure.actuate.metrics.MetricsExportContextCustomizerFactory$DisableMetricExportContextCustomizer@6941827a, org.springframework.boot.test.autoconfigure.properties.PropertyMappingContextCustomizer@0, org.springframework.boot.test.autoconfigure.web.servlet.WebDriverContextCustomizerFactory$Customizer@1af146, org.springframework.boot.test.context.filter.ExcludeFilterContextCustomizer@fb9c7aa, org.springframework.boot.test.json.DuplicateJsonObjectContextCustomizerFactory$DuplicateJsonObjectContextCustomizer@21baa903, org.springframework.boot.test.mock.mockito.MockitoContextCustomizer@0, org.springframework.boot.test.web.client.TestRestTemplateContextCustomizer@20a8a64e, org.springframework.boot.test.context.SpringBootTestArgs@1, org.springframework.boot.test.context.SpringBootTestWebEnvironment@3e2055d6], resourceBasePath = 'src/main/webapp', contextLoader = 'org.springframework.boot.test.context.SpringBootContextLoader', parent = [null]], attributes = map['org.springframework.test.context.web.ServletTestExecutionListener.activateListener' -> true, 'org.springframework.test.context.web.ServletTestExecutionListener.populatedRequestContextHolder' -> true, 'org.springframework.test.context.web.ServletTestExecutionListener.resetRequestContextHolder' -> true, 'org.springframework.test.context.event.ApplicationEventsTestExecutionListener.recordApplicationEvents' -> false]]
]]></system-out>
  <system-err><![CDATA[]]></system-err>
</testsuite>
